Request #1: GET /person Accept: application/xml
=> Result: OK
=> HTTP Status: 200
<?xml version="1.0" encoding="UTF-8"?><people>
  <person>
    <idPerson>1</idPerson>
    <firstname>Graziano</firstname>
    <lastname>Rossi</lastname>
    <birthdate>1991-01-15</birthdate>
    <activitiesPreference/>
  </person>
  <person>
    <idPerson>2</idPerson>
    <firstname>Luca</firstname>
    <lastname>Bianchi</lastname>
    <birthdate>1999-02-10</birthdate>
    <activitiesPreference>
      <activity>
        <activityType>
          <activity_type>Social</activity_type>
        </activityType>
        <description>Dancing Group Dances</description>
        <idActivity>2</idActivity>
        <idActivityType>1</idActivityType>
        <idPerson>2</idPerson>
        <name>Dancing</name>
        <place>Iris Club</place>
        <startdate>2017-10-13T21:00:00.0</startdate>
      </activity>
    </activitiesPreference>
  </person>
  <person>
    <idPerson>3</idPerson>
    <firstname>Filippo</firstname>
    <lastname>Turri</lastname>
    <birthdate>1999-10-23</birthdate>
    <activitiesPreference>
      <activity>
        <activityType>
          <activity_type>Sport</activity_type>
        </activityType>
        <description>Boxing in the gym</description>
        <idActivity>3</idActivity>
        <idActivityType>2</idActivityType>
        <idPerson>3</idPerson>
        <name>Boxing</name>
        <place>Santa Chiara Sport Gym</place>
        <startdate>2017-10-14T18:00:00.0</startdate>
      </activity>
    </activitiesPreference>
  </person>
  <person>
    <idPerson>4</idPerson>
    <firstname>Piano</firstname>
    <lastname>Neri</lastname>
    <birthdate>1993-05-15</birthdate>
    <activitiesPreference>
      <activity>
        <activityType>
          <activity_type>Sport</activity_type>
        </activityType>
        <description>Skiing on the Bondone Mountain</description>
        <idActivity>4</idActivity>
        <idActivityType>2</idActivityType>
        <idPerson>4</idPerson>
        <name>Skiing</name>
        <place>Bondone Mountain</place>
        <startdate>2017-10-15T08:00:00.0</startdate>
      </activity>
    </activitiesPreference>
  </person>
  <person>
    <idPerson>5</idPerson>
    <firstname>Gianni</firstname>
    <lastname>Cassia</lastname>
    <birthdate>1994-05-25</birthdate>
    <activitiesPreference>
      <activity>
        <activityType>
          <activity_type>Social</activity_type>
        </activityType>
        <description>Skateboarding with friends</description>
        <idActivity>5</idActivity>
        <idActivityType>1</idActivityType>
        <idPerson>5</idPerson>
        <name>Skateboarding</name>
        <place>Rovereto Centre</place>
        <startdate>2017-10-17T16:00:00.0</startdate>
      </activity>
    </activitiesPreference>
  </person>
</people>

Request #2: GET /person/1 Accept: application/xml
=> Result: OK
=> HTTP Status: 200
<?xml version="1.0" encoding="UTF-8"?><person>
  <idPerson>1</idPerson>
  <firstname>Graziano</firstname>
  <lastname>Rossi</lastname>
  <birthdate>1991-01-15</birthdate>
  <activitiesPreference/>
</person>

Request #3: PUT /person/1 Accept: application/xml Content-Type: application/xml
=> Result: OK
=> HTTP Status: 200
<?xml version="1.0" encoding="UTF-8"?><person>
  <idPerson>1</idPerson>
  <firstname>Massimo</firstname>
  <lastname>Rossi</lastname>
  <birthdate>1991-01-15</birthdate>
</person>

Request #4: POST /person Accept: application/xml Content-Type: application/xml
=> Result: OK
=> HTTP Status: 200
<?xml version="1.0" encoding="UTF-8"?><person>
  <idPerson>7</idPerson>
  <firstname>Antonio</firstname>
  <lastname>Sierte</lastname>
  <birthdate>1992-10-17</birthdate>
  <activitiesPreference>
    <activity>
      <description>Playing music with Sax</description>
      <idActivity>8</idActivity>
      <idActivityType>1</idActivityType>
      <idPerson>7</idPerson>
      <name>Saxing</name>
      <place>City Centre Trento</place>
      <startdate>2017-10-13T10:50:00.0</startdate>
    </activity>
  </activitiesPreference>
</person>

Request #5: DELETE /person/7 Accept: application/xml
=> Result: OK
=> HTTP Status: 204
<?xml version="1.0" encoding="UTF-8" standalone="no"?>


Request #6: GET /activity_types Accept: application/xml
=> Result: OK
=> HTTP Status: 200
<?xml version="1.0" encoding="UTF-8"?><activityTypes>
  <activity_type>Social</activity_type>
  <activity_type>Sport</activity_type>
  <activity_type>Outdoor</activity_type>
</activityTypes>

Request #7: GET /person/1/Social Accept: application/xml
=> Result: OK
=> HTTP Status: 200
<?xml version="1.0" encoding="UTF-8"?><activities>
  <activity>
    <activityType>
      <activity_type>Social</activity_type>
    </activityType>
    <description>Go carting with friends</description>
    <idActivity>1</idActivity>
    <idActivityType>1</idActivityType>
    <idPerson>1</idPerson>
    <name>Go carting</name>
    <place>Affi centre</place>
    <startdate>2017-12-28T08:50:00.0</startdate>
  </activity>
  <activity>
    <activityType>
      <activity_type>Social</activity_type>
    </activityType>
    <description>Swimming in the river</description>
    <idActivity>7</idActivity>
    <idActivityType>1</idActivityType>
    <idPerson>1</idPerson>
    <name>Swimming</name>
    <place>Adige river</place>
    <startdate>2017-12-28T08:50:00.0</startdate>
  </activity>
</activities>

Request #7: GET /person/5/Social Accept: application/xml
=> Result: OK
=> HTTP Status: 200
<?xml version="1.0" encoding="UTF-8"?><activities>
  <activity>
    <activityType>
      <activity_type>Social</activity_type>
    </activityType>
    <description>Skateboarding with friends</description>
    <idActivity>5</idActivity>
    <idActivityType>1</idActivityType>
    <idPerson>5</idPerson>
    <name>Skateboarding</name>
    <place>Rovereto Centre</place>
    <startdate>2017-10-17T16:00:00.0</startdate>
  </activity>
</activities>

Request #8: GET /person/5/Social/5 Accept: application/xml
=> Result: OK
=> HTTP Status: 200
<?xml version="1.0" encoding="UTF-8"?><activity>
  <activityType>
    <activity_type>Social</activity_type>
  </activityType>
  <description>Skateboarding with friends</description>
  <idActivity>5</idActivity>
  <idActivityType>1</idActivityType>
  <idPerson>5</idPerson>
  <name>Skateboarding</name>
  <place>Rovereto Centre</place>
  <startdate>2017-10-17T16:00:00.0</startdate>
</activity>

Request #9: POST /person/1/Social Accept: application/xml Content-Type: application/xml
=> Result: OK
=> HTTP Status: 200
<?xml version="1.0" encoding="UTF-8"?><activity>
  <activityType>
    <activity_type>Social</activity_type>
  </activityType>
  <description>Swimming in the river</description>
  <idActivity>9</idActivity>
  <idActivityType>1</idActivityType>
  <idPerson>1</idPerson>
  <name>Swimming</name>
  <place>Adige river</place>
  <startdate>2017-12-28T08:50:00.0</startdate>
</activity>

Request #10: PUT /person/1/Social/1 Accept: application/xml Content-Type: application/xml
=> Result: OK
=> HTTP Status: 200
<?xml version="1.0" encoding="UTF-8"?><activity>
  <activityType>
    <activity_type>Social</activity_type>
  </activityType>
  <description>Go Carting with Friends</description>
  <idActivity>1</idActivity>
  <idActivityType>1</idActivityType>
  <idPerson>1</idPerson>
  <name>Go carting</name>
  <place>Affi cart centre</place>
  <startdate>2017-12-28T08:50:00.0</startdate>
</activity>

Request #11: GET /person/5/Social?before=2017-10-15T00:00:00.0&after=2017-10-18T00:00:00.0 Accept: application/xml
=> Result: OK
=> HTTP Status: 200
<?xml version="1.0" encoding="UTF-8"?><activities>
  <activity>
    <activityType>
      <activity_type>Social</activity_type>
    </activityType>
    <description>Skateboarding with friends</description>
    <idActivity>5</idActivity>
    <idActivityType>1</idActivityType>
    <idPerson>5</idPerson>
    <name>Skateboarding</name>
    <place>Rovereto Centre</place>
    <startdate>2017-10-17T16:00:00.0</startdate>
  </activity>
</activities>

